<?xml version="1.0" encoding="UTF-8"?>
<testng-results ignored="0" total="2" passed="2" failed="0" skipped="0">
  <reporter-output>
  </reporter-output>
  <suite started-at="2026-03-17T13:23:16 IST" name="Surefire suite" finished-at="2026-03-17T13:23:18 IST" duration-ms="1679">
    <groups>
    </groups>
    <test started-at="2026-03-17T13:23:16 IST" name="Surefire test" finished-at="2026-03-17T13:23:18 IST" duration-ms="1679">
      <class name="tests.CreateUserTest">
        <test-method signature="createUser()[pri:0, instance:tests.CreateUserTest@2c34f934]" started-at="2026-03-17T13:23:17 IST" name="createUser" finished-at="2026-03-17T13:23:18 IST" duration-ms="741" status="PASS">
          <reporter-output>
          </reporter-output>
        </test-method> <!-- createUser -->
      </class> <!-- tests.CreateUserTest -->
      <class name="tests.GetUserTest">
        <test-method signature="getUser()[pri:0, instance:tests.GetUserTest@7d68ef40]" started-at="2026-03-17T13:23:16 IST" name="getUser" finished-at="2026-03-17T13:23:17 IST" duration-ms="922" status="PASS">
          <reporter-output>
          </reporter-output>
        </test-method> <!-- getUser -->
      </class> <!-- tests.GetUserTest -->
    </test> <!-- Surefire test -->
  </suite> <!-- Surefire suite -->
</testng-results>
