<?xml version="1.0" encoding="UTF-8"?>
<testsuite xmlns:xsi="http://www.w3.org/2001/XMLSchema-instance" xsi:noNamespaceSchemaLocation="https://maven.apache.org/surefire/maven-surefire-plugin/xsd/surefire-test-report-3.0.xsd" version="3.0" name="TestSuite" time="1.861" tests="2" errors="0" skipped="0" failures="0">
  <properties>
[...]
</properties>
  <testcase name="getUser" classname="tests.GetUserTest" time="0.922">
    <system-out><![CDATA[Request method:	GET
Request URI:	https://jsonplaceholder.typicode.com/users/1
Proxy:			<none>
Request params:	<none>
Query params:	<none>
Form params:	<none>
Path params:	<none>
Headers:		Accept=application/json
				User-Agent=Mozilla/5.0
				Content-Type=application/json
Cookies:		<none>
Multiparts:		<none>
Body:			<none>
Request method:	GET
Request URI:	https://jsonplaceholder.typicode.com/users/1
Proxy:			<none>
Request params:	<none>
Query params:	<none>
Form params:	<none>
Path params:	<none>
Headers:		Accept=application/json
				User-Agent=Mozilla/5.0
				Content-Type=application/json
Cookies:		<none>
Multiparts:		<none>
Body:			<none>
HTTP/1.1 200 OK
Date: Tue, 17 Mar 2026 07:53:17 GMT
Content-Type: application/json; charset=utf-8
Transfer-Encoding: chunked
Connection: keep-alive
access-control-allow-credentials: true
Cache-Control: max-age=43200
etag: W/"1fd-+2Y3G3w049iSZtw5t1mzSnunngE"
expires: -1
nel: {"report_to":"heroku-nel","response_headers":["Via"],"max_age":3600,"success_fraction":0.01,"failure_fraction":0.1}
pragma: no-cache
report-to: {"group":"heroku-nel","endpoints":[{"url":"https://nel.heroku.com/reports?s=A%2B6Izo2V2AOlFmTz0u7b4EQGxeLO%2Bnpuvo3I57Av%2FF8%3D\u0026sid=e11707d5-02a7-43ef-b45e-2cf4d2036f7d\u0026ts=1773643238"}],"max_age":3600}
reporting-endpoints: heroku-nel="https://nel.heroku.com/reports?s=A%2B6Izo2V2AOlFmTz0u7b4EQGxeLO%2Bnpuvo3I57Av%2FF8%3D&sid=e11707d5-02a7-43ef-b45e-2cf4d2036f7d&ts=1773643238"
Server: cloudflare
vary: Origin, Accept-Encoding
via: 2.0 heroku-router
x-content-type-options: nosniff
x-powered-by: Express
x-ratelimit-limit: 1000
x-ratelimit-remaining: 997
x-ratelimit-reset: 1773643246
Age: 27630
cf-cache-status: HIT
Content-Encoding: gzip
CF-RAY: 9dda6c4b1b1fc149-DEL
alt-svc: h3=":443"; ma=86400

{
    "id": 1,
    "name": "Leanne Graham",
    "username": "Bret",
    "email": "Sincere@april.biz",
    "address": {
        "street": "Kulas Light",
        "suite": "Apt. 556",
        "city": "Gwenborough",
        "zipcode": "92998-3874",
        "geo": {
            "lat": "-37.3159",
            "lng": "81.1496"
        }
    },
    "phone": "1-770-736-8031 x56442",
    "website": "hildegard.org",
    "company": {
        "name": "Romaguera-Crona",
        "catchPhrase": "Multi-layered client-server neural-net",
        "bs": "harness real-time e-markets"
    }
}
]]></system-out>
    <system-err><![CDATA[SLF4J: Failed to load class "org.slf4j.impl.StaticLoggerBinder".
SLF4J: Defaulting to no-operation (NOP) logger implementation
SLF4J: See http://www.slf4j.org/codes.html#StaticLoggerBinder for further details.
]]></system-err>
  </testcase>
  <testcase name="createUser" classname="tests.CreateUserTest" time="0.742"/>
</testsuite>